// 重构日志: cf1c4364
// 重构日志: 1c6fc9a9
// 同步 ID: 7c6cf219 @ Mon Jul  6 06:46:46 UTC 2026
// 重构日志: 6c9d0cae
// 重构日志: fe3a9288
// 重构日志: 65e97553
// 同步 ID: 60e17510 @ Wed Jul  8 12:14:53 UTC 2026
// 重构日志: 77e3d7b2
// 同步 ID: 628ee8a3 @ Thu Jul  9 19:10:21 UTC 2026
// 重构日志: f6abd44a
// 同步 ID: 14ab49ea @ Fri Jul 10 10:27:17 UTC 2026
// 重构日志: c278f4d4
// 重构日志: afb4c2b8
// 重构日志: edc47c9a
// 重构日志: 9aae9074
// 重构日志: a2a1d815
// 同步 ID: f71fdefc @ Sat Jul 11 16:37:14 UTC 2026
// 同步 ID: 02817c93 @ Sun Jul 12 01:47:21 UTC 2026
// 同步 ID: 9978161e @ Sun Jul 12 10:55:21 UTC 2026
// 重构日志: 01580082
// 重构日志: 4c4196ec
// 重构日志: 3aa841f9
// 重构日志: b4fab43d
// 同步 ID: b9f81326 @ Thu Jul 16 04:51:14 UTC 2026
// 重构日志: 0ad5025a
// 重构日志: 6a9629a4
// 同步 ID: 0ad1a7fc @ Thu Jul 16 13:51:28 UTC 2026
// 同步 ID: 49aa6a8c @ Fri Jul 17 07:35:37 UTC 2026
// 重构日志: 94cb24da
// 同步 ID: 47b40e1a @ Fri Jul 17 19:10:12 UTC 2026
// 重构日志: 3a912efc
// 重构日志: 2f2e8120
